<?xml version="1.0" encoding="UTF-8"?>
<!-- Generated by org.testng.reporters.JUnitReportReporter -->
<testsuite hostname="LAPTOP-BDELJV31" failures="0" tests="4" name="address.TestAddressWebsite" time="34.072" errors="0" timestamp="2022-09-23T21:58:24 IDT" skipped="3">
  <testcase classname="address.TestAddressWebsite" name="testDeleteAddress" time="34.072"/>
  <system-out/>
  <testcase classname="address.TestAddressWebsite" name="testEditAddress">
    <skipped/>
  </testcase> <!-- testEditAddress -->
  <system-out/>
  <testcase classname="address.TestAddressWebsite" name="testCreateAddress">
    <skipped/>
  </testcase> <!-- testCreateAddress -->
  <system-out/>
  <testcase classname="address.TestAddressWebsite" name="testViewAddress">
    <skipped/>
  </testcase> <!-- testViewAddress -->
  <system-out/>
</testsuite> <!-- address.TestAddressWebsite -->
