<?xml version="1.0" encoding="UTF-8"?>
<!-- Generated by org.testng.reporters.JUnitXMLReporter -->
<testsuite ignored="0" hostname="LAPTOP-BDELJV31" failures="1" tests="4" name="test-case-2" time="43.476" errors="0" timestamp="2022-09-28T23:24:49 IDT">
  <testcase classname="trello.TrelloUsageTest" name="testDownloadFile" time="19.962">
    <failure type="org.openqa.selenium.ElementNotInteractableException" message="element not interactable
  (Session info: MicrosoftEdge=105.0.1343.50)
Build info: version: &amp;apos;4.4.0&amp;apos;, revision: &amp;apos;e5c75ed026a&amp;apos;
System info: host: &amp;apos;LAPTOP-BDELJV31&amp;apos;, ip: &amp;apos;10.0.0.31&amp;apos;, os.name: &amp;apos;Windows 11&amp;apos;, os.arch: &amp;apos;amd64&amp;apos;, os.version: &amp;apos;10.0&amp;apos;, java.version: &amp;apos;17.0.4&amp;apos;
Driver info: org.openqa.selenium.edge.EdgeDriver
Command: [1b0a0fe4235874f2198be3a2a94392ec, clickElement {id=7b38f3f4-5f2f-47eb-9e01-1544d5ea941b}]
Capabilities {acceptInsecureCerts: false, browserName: msedge, browserVersion: 105.0.1343.50, ms:edgeOptions: {debuggerAddress: localhost:55864}, msedge: {msedgedriverVersion: 105.0.1343.33 (4122bb4646b3..., userDataDir: C:\Users\USER\AppData\Local...}, networkConnectionEnabled: false, pageLoadStrategy: normal, platformName: WINDOWS, proxy: Proxy(), se:cdp: ws://localhost:55864/devtoo..., se:cdpVersion: 105.0.1343.50, setWindowRect: true, strictFileInteractability: false, timeouts: {implicit: 0, pageLoad: 300000, script: 30000}, unhandledPromptBehavior: dismiss and notify, webauthn:extension:credBlob: true, webauthn:extension:largeBlob: true, webauthn:virtualAuthenticators: true}
Element: [[EdgeDriver: msedge on WINDOWS (1b0a0fe4235874f2198be3a2a94392ec)] -&amp;gt; link text: Add a card]
Session ID: 1b0a0fe4235874f2198be3a2a94392ec">
      <![CDATA[org.openqa.selenium.ElementNotInteractableException: element not interactable
  (Session info: MicrosoftEdge=105.0.1343.50)
Build info: version: '4.4.0', revision: 'e5c75ed026a'
System info: host: 'LAPTOP-BDELJV31', ip: '10.0.0.31', os.name: 'Windows 11', os.arch: 'amd64', os.version: '10.0', java.version: '17.0.4'
Driver info: org.openqa.selenium.edge.EdgeDriver
Command: [1b0a0fe4235874f2198be3a2a94392ec, clickElement {id=7b38f3f4-5f2f-47eb-9e01-1544d5ea941b}]
Capabilities {acceptInsecureCerts: false, browserName: msedge, browserVersion: 105.0.1343.50, ms:edgeOptions: {debuggerAddress: localhost:55864}, msedge: {msedgedriverVersion: 105.0.1343.33 (4122bb4646b3..., userDataDir: C:\Users\USER\AppData\Local...}, networkConnectionEnabled: false, pageLoadStrategy: normal, platformName: WINDOWS, proxy: Proxy(), se:cdp: ws://localhost:55864/devtoo..., se:cdpVersion: 105.0.1343.50, setWindowRect: true, strictFileInteractability: false, timeouts: {implicit: 0, pageLoad: 300000, script: 30000}, unhandledPromptBehavior: dismiss and notify, webauthn:extension:credBlob: true, webauthn:extension:largeBlob: true, webauthn:virtualAuthenticators: true}
Element: [[EdgeDriver: msedge on WINDOWS (1b0a0fe4235874f2198be3a2a94392ec)] -> link text: Add a card]
Session ID: 1b0a0fe4235874f2198be3a2a94392ec
at org.openqa.selenium.remote.codec.w3c.W3CHttpResponseCodec.createException(W3CHttpResponseCodec.java:200)
at org.openqa.selenium.remote.codec.w3c.W3CHttpResponseCodec.decode(W3CHttpResponseCodec.java:133)
at org.openqa.selenium.remote.codec.w3c.W3CHttpResponseCodec.decode(W3CHttpResponseCodec.java:53)
at org.openqa.selenium.remote.HttpCommandExecutor.execute(HttpCommandExecutor.java:184)
at org.openqa.selenium.remote.service.DriverCommandExecutor.invokeExecute(DriverCommandExecutor.java:167)
at org.openqa.selenium.remote.service.DriverCommandExecutor.execute(DriverCommandExecutor.java:142)
at org.openqa.selenium.remote.RemoteWebDriver.execute(RemoteWebDriver.java:547)
at org.openqa.selenium.remote.RemoteWebElement.execute(RemoteWebElement.java:257)
at org.openqa.selenium.remote.RemoteWebElement.click(RemoteWebElement.java:78)
at pages.Board.createCardWithTitle(Board.java:43)
at trello.TrelloUsageTest.testDownloadFile(TrelloUsageTest.java:74)
at java.base/java.util.ArrayList.forEach(ArrayList.java:1511)
... Removed 32 stack frames]]>
    </failure>
  </testcase> <!-- testDownloadFile -->
  <testcase classname="trello.TrelloUsageTest" name="testFileContent" time="0.0">
    <skipped/>
  </testcase> <!-- testFileContent -->
  <testcase classname="trello.TrelloUsageTest" name="testUserAction" time="0.0">
    <skipped/>
  </testcase> <!-- testUserAction -->
  <testcase classname="trello.TrelloUsageTest" name="testDeletingCard" time="0.0">
    <skipped/>
  </testcase> <!-- testDeletingCard -->
</testsuite> <!-- test-case-2 -->
